c:\users\muhammet\source\repos\bbm412\bbm412\debug\bbm412.bsc
c:\users\muhammet\source\repos\bbm412\bbm412\bbm412\debug\vc140.pdb
c:\users\muhammet\source\repos\bbm412\bbm412\bbm412\debug\vc140.ıdb
c:\users\muhammet\source\repos\bbm412\bbm412\bbm412\debug\world.sbr
c:\users\muhammet\source\repos\bbm412\bbm412\bbm412\debug\pstatıcobject.sbr
c:\users\muhammet\source\repos\bbm412\bbm412\bbm412\debug\pperson.sbr
c:\users\muhammet\source\repos\bbm412\bbm412\bbm412\debug\moveable.sbr
c:\users\muhammet\source\repos\bbm412\bbm412\bbm412\debug\maın.sbr
c:\users\muhammet\source\repos\bbm412\bbm412\bbm412\debug\pdynamıcobject.sbr
c:\users\muhammet\source\repos\bbm412\bbm412\bbm412\debug\sun.sbr
c:\users\muhammet\source\repos\bbm412\bbm412\bbm412\debug\statıcdefaultsplatobject.sbr
c:\users\muhammet\source\repos\bbm412\bbm412\bbm412\debug\spotlıght.sbr
c:\users\muhammet\source\repos\bbm412\bbm412\bbm412\debug\sky.sbr
c:\users\muhammet\source\repos\bbm412\bbm412\bbm412\debug\shadowmapper.sbr
c:\users\muhammet\source\repos\bbm412\bbm412\bbm412\debug\seon.sbr
c:\users\muhammet\source\repos\bbm412\bbm412\bbm412\debug\reflectıonmapper.sbr
c:\users\muhammet\source\repos\bbm412\bbm412\bbm412\debug\redrock.sbr
c:\users\muhammet\source\repos\bbm412\bbm412\bbm412\debug\poıntlıght.sbr
c:\users\muhammet\source\repos\bbm412\bbm412\bbm412\debug\pobject.sbr
c:\users\muhammet\source\repos\bbm412\bbm412\bbm412\debug\pkınematıcobject.sbr
c:\users\muhammet\source\repos\bbm412\bbm412\bbm412\debug\pınetree.sbr
c:\users\muhammet\source\repos\bbm412\bbm412\bbm412\debug\moon.sbr
c:\users\muhammet\source\repos\bbm412\bbm412\bbm412\debug\mapletree.sbr
c:\users\muhammet\source\repos\bbm412\bbm412\bbm412\debug\mapletree.obj
c:\users\muhammet\source\repos\bbm412\bbm412\bbm412\debug\moon.obj
c:\users\muhammet\source\repos\bbm412\bbm412\bbm412\debug\pınetree.obj
c:\users\muhammet\source\repos\bbm412\bbm412\bbm412\debug\pkınematıcobject.obj
c:\users\muhammet\source\repos\bbm412\bbm412\bbm412\debug\pobject.obj
c:\users\muhammet\source\repos\bbm412\bbm412\bbm412\debug\poıntlıght.obj
c:\users\muhammet\source\repos\bbm412\bbm412\bbm412\debug\redrock.obj
c:\users\muhammet\source\repos\bbm412\bbm412\bbm412\debug\reflectıonmapper.obj
c:\users\muhammet\source\repos\bbm412\bbm412\bbm412\debug\seon.obj
c:\users\muhammet\source\repos\bbm412\bbm412\bbm412\debug\shadowmapper.obj
c:\users\muhammet\source\repos\bbm412\bbm412\bbm412\debug\sky.obj
c:\users\muhammet\source\repos\bbm412\bbm412\bbm412\debug\spotlıght.obj
c:\users\muhammet\source\repos\bbm412\bbm412\bbm412\debug\statıcdefaultsplatobject.obj
c:\users\muhammet\source\repos\bbm412\bbm412\bbm412\debug\sun.obj
c:\users\muhammet\source\repos\bbm412\bbm412\bbm412\debug\pdynamıcobject.obj
c:\users\muhammet\source\repos\bbm412\bbm412\bbm412\debug\maın.obj
c:\users\muhammet\source\repos\bbm412\bbm412\bbm412\debug\moveable.obj
c:\users\muhammet\source\repos\bbm412\bbm412\bbm412\debug\pperson.obj
c:\users\muhammet\source\repos\bbm412\bbm412\bbm412\debug\pstatıcobject.obj
c:\users\muhammet\source\repos\bbm412\bbm412\bbm412\debug\world.obj
c:\users\muhammet\source\repos\bbm412\bbm412\bbm412\debug\log.sbr
c:\users\muhammet\source\repos\bbm412\bbm412\bbm412\debug\gameobject.sbr
c:\users\muhammet\source\repos\bbm412\bbm412\bbm412\debug\lıght.sbr
c:\users\muhammet\source\repos\bbm412\bbm412\bbm412\debug\gtıledtextureobject.sbr
c:\users\muhammet\source\repos\bbm412\bbm412\bbm412\debug\gdefaultobject.sbr
c:\users\muhammet\source\repos\bbm412\bbm412\bbm412\debug\gspotlıght.sbr
c:\users\muhammet\source\repos\bbm412\bbm412\bbm412\debug\greyrock.sbr
c:\users\muhammet\source\repos\bbm412\bbm412\bbm412\debug\gdefaultsplatobject.sbr
c:\users\muhammet\source\repos\bbm412\bbm412\bbm412\debug\gpoıntlıght.sbr
c:\users\muhammet\source\repos\bbm412\bbm412\bbm412\debug\gobject.sbr
c:\users\muhammet\source\repos\bbm412\bbm412\bbm412\debug\gmaprobject.sbr
c:\users\muhammet\source\repos\bbm412\bbm412\bbm412\debug\gmapnsobject.sbr
c:\users\muhammet\source\repos\bbm412\bbm412\bbm412\debug\gmapnrobject.sbr
c:\users\muhammet\source\repos\bbm412\bbm412\bbm412\debug\gmapnaobject.sbr
c:\users\muhammet\source\repos\bbm412\bbm412\bbm412\debug\gmapaobject.sbr
c:\users\muhammet\source\repos\bbm412\bbm412\bbm412\debug\flashlıght.sbr
c:\users\muhammet\source\repos\bbm412\bbm412\bbm412\debug\gexceptıons.sbr
c:\users\muhammet\source\repos\bbm412\bbm412\bbm412\debug\gdynamıcdefaultobject.sbr
c:\users\muhammet\source\repos\bbm412\bbm412\bbm412\debug\gdıreclıght.sbr
c:\users\muhammet\source\repos\bbm412\bbm412\bbm412\debug\gbasıctextureobject.sbr
c:\users\muhammet\source\repos\bbm412\bbm412\bbm412\debug\gbasıctextureobject.obj
c:\users\muhammet\source\repos\bbm412\bbm412\bbm412\debug\gdıreclıght.obj
c:\users\muhammet\source\repos\bbm412\bbm412\bbm412\debug\gdynamıcdefaultobject.obj
c:\users\muhammet\source\repos\bbm412\bbm412\bbm412\debug\gexceptıons.obj
c:\users\muhammet\source\repos\bbm412\bbm412\bbm412\debug\flashlıght.obj
c:\users\muhammet\source\repos\bbm412\bbm412\bbm412\debug\gmapaobject.obj
c:\users\muhammet\source\repos\bbm412\bbm412\bbm412\debug\gmapnaobject.obj
c:\users\muhammet\source\repos\bbm412\bbm412\bbm412\debug\gmapnrobject.obj
c:\users\muhammet\source\repos\bbm412\bbm412\bbm412\debug\gmapnsobject.obj
c:\users\muhammet\source\repos\bbm412\bbm412\bbm412\debug\gmaprobject.obj
c:\users\muhammet\source\repos\bbm412\bbm412\bbm412\debug\gobject.obj
c:\users\muhammet\source\repos\bbm412\bbm412\bbm412\debug\gpoıntlıght.obj
c:\users\muhammet\source\repos\bbm412\bbm412\bbm412\debug\gdefaultsplatobject.obj
c:\users\muhammet\source\repos\bbm412\bbm412\bbm412\debug\greyrock.obj
c:\users\muhammet\source\repos\bbm412\bbm412\bbm412\debug\gspotlıght.obj
c:\users\muhammet\source\repos\bbm412\bbm412\bbm412\debug\gdefaultobject.obj
c:\users\muhammet\source\repos\bbm412\bbm412\bbm412\debug\gtıledtextureobject.obj
c:\users\muhammet\source\repos\bbm412\bbm412\bbm412\debug\lıght.obj
c:\users\muhammet\source\repos\bbm412\bbm412\bbm412\debug\gameobject.obj
c:\users\muhammet\source\repos\bbm412\bbm412\bbm412\debug\log.obj
c:\users\muhammet\source\repos\bbm412\bbm412\bbm412\debug\gbasıcobject.sbr
c:\users\muhammet\source\repos\bbm412\bbm412\bbm412\debug\gdefaultmultıtextureobject.sbr
c:\users\muhammet\source\repos\bbm412\bbm412\bbm412\debug\gbasıctexturelıghtobject.sbr
c:\users\muhammet\source\repos\bbm412\bbm412\bbm412\debug\gbasıclıghtobject.sbr
c:\users\muhammet\source\repos\bbm412\bbm412\bbm412\debug\game.sbr
c:\users\muhammet\source\repos\bbm412\bbm412\bbm412\debug\fern.sbr
c:\users\muhammet\source\repos\bbm412\bbm412\bbm412\debug\dıreclıght.sbr
c:\users\muhammet\source\repos\bbm412\bbm412\bbm412\debug\defaultstatıcobject.sbr
c:\users\muhammet\source\repos\bbm412\bbm412\bbm412\debug\defaultdynamıcobject.sbr
c:\users\muhammet\source\repos\bbm412\bbm412\bbm412\debug\dataınıtexceptıon.sbr
c:\users\muhammet\source\repos\bbm412\bbm412\bbm412\debug\console.sbr
c:\users\muhammet\source\repos\bbm412\bbm412\bbm412\debug\camera.sbr
c:\users\muhammet\source\repos\bbm412\bbm412\bbm412\debug\audıomanager.sbr
c:\users\muhammet\source\repos\bbm412\bbm412\bbm412\debug\audıomanager.obj
c:\users\muhammet\source\repos\bbm412\bbm412\bbm412\debug\camera.obj
c:\users\muhammet\source\repos\bbm412\bbm412\bbm412\debug\console.obj
c:\users\muhammet\source\repos\bbm412\bbm412\bbm412\debug\dataınıtexceptıon.obj
c:\users\muhammet\source\repos\bbm412\bbm412\bbm412\debug\defaultdynamıcobject.obj
c:\users\muhammet\source\repos\bbm412\bbm412\bbm412\debug\defaultstatıcobject.obj
c:\users\muhammet\source\repos\bbm412\bbm412\bbm412\debug\dıreclıght.obj
c:\users\muhammet\source\repos\bbm412\bbm412\bbm412\debug\fern.obj
c:\users\muhammet\source\repos\bbm412\bbm412\bbm412\debug\game.obj
c:\users\muhammet\source\repos\bbm412\bbm412\bbm412\debug\gbasıclıghtobject.obj
c:\users\muhammet\source\repos\bbm412\bbm412\bbm412\debug\gbasıctexturelıghtobject.obj
c:\users\muhammet\source\repos\bbm412\bbm412\bbm412\debug\gdefaultmultıtextureobject.obj
c:\users\muhammet\source\repos\bbm412\bbm412\bbm412\debug\gbasıcobject.obj
c:\users\muhammet\source\repos\bbm412\bbm412\debug\bbm412.ılk
c:\users\muhammet\source\repos\bbm412\bbm412\debug\bbm412.exe
c:\users\muhammet\source\repos\bbm412\bbm412\debug\bbm412.pdb
c:\users\muhammet\source\repos\bbm412\bbm412\bbm412\debug\audiomanager.obj
c:\users\muhammet\source\repos\bbm412\bbm412\bbm412\debug\dataınitexception.obj
c:\users\muhammet\source\repos\bbm412\bbm412\bbm412\debug\defaultdynamicobject.obj
c:\users\muhammet\source\repos\bbm412\bbm412\bbm412\debug\defaultstaticobject.obj
c:\users\muhammet\source\repos\bbm412\bbm412\bbm412\debug\direclight.obj
c:\users\muhammet\source\repos\bbm412\bbm412\bbm412\debug\flashlight.obj
c:\users\muhammet\source\repos\bbm412\bbm412\bbm412\debug\gbasiclightobject.obj
c:\users\muhammet\source\repos\bbm412\bbm412\bbm412\debug\gbasicobject.obj
c:\users\muhammet\source\repos\bbm412\bbm412\bbm412\debug\gbasictexturelightobject.obj
c:\users\muhammet\source\repos\bbm412\bbm412\bbm412\debug\gbasictextureobject.obj
c:\users\muhammet\source\repos\bbm412\bbm412\bbm412\debug\gdefaultmultitextureobject.obj
c:\users\muhammet\source\repos\bbm412\bbm412\bbm412\debug\gdireclight.obj
c:\users\muhammet\source\repos\bbm412\bbm412\bbm412\debug\gdynamicdefaultobject.obj
c:\users\muhammet\source\repos\bbm412\bbm412\bbm412\debug\gexceptions.obj
c:\users\muhammet\source\repos\bbm412\bbm412\bbm412\debug\gpointlight.obj
c:\users\muhammet\source\repos\bbm412\bbm412\bbm412\debug\gspotlight.obj
c:\users\muhammet\source\repos\bbm412\bbm412\bbm412\debug\gtiledtextureobject.obj
c:\users\muhammet\source\repos\bbm412\bbm412\bbm412\debug\light.obj
c:\users\muhammet\source\repos\bbm412\bbm412\bbm412\debug\main.obj
c:\users\muhammet\source\repos\bbm412\bbm412\bbm412\debug\pdynamicobject.obj
c:\users\muhammet\source\repos\bbm412\bbm412\bbm412\debug\pinetree.obj
c:\users\muhammet\source\repos\bbm412\bbm412\bbm412\debug\pkinematicobject.obj
c:\users\muhammet\source\repos\bbm412\bbm412\bbm412\debug\pointlight.obj
c:\users\muhammet\source\repos\bbm412\bbm412\bbm412\debug\pstaticobject.obj
c:\users\muhammet\source\repos\bbm412\bbm412\bbm412\debug\reflectionmapper.obj
c:\users\muhammet\source\repos\bbm412\bbm412\bbm412\debug\spotlight.obj
c:\users\muhammet\source\repos\bbm412\bbm412\bbm412\debug\staticdefaultsplatobject.obj
c:\users\muhammet\source\repos\bbm412\bbm412\bbm412\debug\vc140.idb
c:\users\muhammet\source\repos\bbm412\bbm412\bbm412\debug\audiomanager.sbr
c:\users\muhammet\source\repos\bbm412\bbm412\bbm412\debug\dataınitexception.sbr
c:\users\muhammet\source\repos\bbm412\bbm412\bbm412\debug\defaultdynamicobject.sbr
c:\users\muhammet\source\repos\bbm412\bbm412\bbm412\debug\defaultstaticobject.sbr
c:\users\muhammet\source\repos\bbm412\bbm412\bbm412\debug\direclight.sbr
c:\users\muhammet\source\repos\bbm412\bbm412\bbm412\debug\flashlight.sbr
c:\users\muhammet\source\repos\bbm412\bbm412\bbm412\debug\gbasiclightobject.sbr
c:\users\muhammet\source\repos\bbm412\bbm412\bbm412\debug\gbasicobject.sbr
c:\users\muhammet\source\repos\bbm412\bbm412\bbm412\debug\gbasictexturelightobject.sbr
c:\users\muhammet\source\repos\bbm412\bbm412\bbm412\debug\gbasictextureobject.sbr
c:\users\muhammet\source\repos\bbm412\bbm412\bbm412\debug\gdefaultmultitextureobject.sbr
c:\users\muhammet\source\repos\bbm412\bbm412\bbm412\debug\gdireclight.sbr
c:\users\muhammet\source\repos\bbm412\bbm412\bbm412\debug\gdynamicdefaultobject.sbr
c:\users\muhammet\source\repos\bbm412\bbm412\bbm412\debug\gexceptions.sbr
c:\users\muhammet\source\repos\bbm412\bbm412\bbm412\debug\gpointlight.sbr
c:\users\muhammet\source\repos\bbm412\bbm412\bbm412\debug\gspotlight.sbr
c:\users\muhammet\source\repos\bbm412\bbm412\bbm412\debug\gtiledtextureobject.sbr
c:\users\muhammet\source\repos\bbm412\bbm412\bbm412\debug\light.sbr
c:\users\muhammet\source\repos\bbm412\bbm412\bbm412\debug\main.sbr
c:\users\muhammet\source\repos\bbm412\bbm412\bbm412\debug\pdynamicobject.sbr
c:\users\muhammet\source\repos\bbm412\bbm412\bbm412\debug\pinetree.sbr
c:\users\muhammet\source\repos\bbm412\bbm412\bbm412\debug\pkinematicobject.sbr
c:\users\muhammet\source\repos\bbm412\bbm412\bbm412\debug\pointlight.sbr
c:\users\muhammet\source\repos\bbm412\bbm412\bbm412\debug\pstaticobject.sbr
c:\users\muhammet\source\repos\bbm412\bbm412\bbm412\debug\reflectionmapper.sbr
c:\users\muhammet\source\repos\bbm412\bbm412\bbm412\debug\spotlight.sbr
c:\users\muhammet\source\repos\bbm412\bbm412\bbm412\debug\staticdefaultsplatobject.sbr
c:\users\muhammet\source\repos\bbm412\bbm412\debug\bbm412.ilk
c:\users\muhammet\source\repos\bbm412\bbm412\bbm412\debug\bbm412.tlog\bscmake.command.1.tlog
c:\users\muhammet\source\repos\bbm412\bbm412\bbm412\debug\bbm412.tlog\bscmake.read.1.tlog
c:\users\muhammet\source\repos\bbm412\bbm412\bbm412\debug\bbm412.tlog\bscmake.write.1.tlog
c:\users\muhammet\source\repos\bbm412\bbm412\bbm412\debug\bbm412.tlog\cl.command.1.tlog
c:\users\muhammet\source\repos\bbm412\bbm412\bbm412\debug\bbm412.tlog\cl.read.1.tlog
c:\users\muhammet\source\repos\bbm412\bbm412\bbm412\debug\bbm412.tlog\cl.write.1.tlog
c:\users\muhammet\source\repos\bbm412\bbm412\bbm412\debug\bbm412.tlog\link.command.1.tlog
c:\users\muhammet\source\repos\bbm412\bbm412\bbm412\debug\bbm412.tlog\link.read.1.tlog
c:\users\muhammet\source\repos\bbm412\bbm412\bbm412\debug\bbm412.tlog\link.write.1.tlog
