  GTiledTextureObject.cpp
  FlashLight.cpp
  Generating Code...
  Compiling...
  Game.cpp
  Generating Code...
  Compiling...
  main.cpp
  World.cpp
c:\users\muhammet\source\repos\bbm412\bbm412\bbm412\world.cpp(9): warning C4316: 'pPerson': object allocated on the heap may not be aligned 16
c:\users\muhammet\source\repos\bbm412\bbm412\bbm412\world.cpp(126): warning C4316: 'Sun': object allocated on the heap may not be aligned 16
c:\users\muhammet\source\repos\bbm412\bbm412\bbm412\world.cpp(129): warning C4316: 'Moon': object allocated on the heap may not be aligned 16
c:\users\muhammet\source\repos\bbm412\bbm412\bbm412\world.cpp(160): warning C4316: 'Moon': object allocated on the heap may not be aligned 16
c:\users\muhammet\source\repos\bbm412\bbm412\bbm412\world.cpp(166): warning C4316: 'Seon': object allocated on the heap may not be aligned 16
c:\users\muhammet\source\repos\bbm412\bbm412\bbm412\world.cpp(172): warning C4316: 'FlashLight': object allocated on the heap may not be aligned 16
c:\users\muhammet\source\repos\bbm412\bbm412\bbm412\world.cpp(180): warning C4018: '<': signed/unsigned mismatch
c:\users\muhammet\source\repos\bbm412\bbm412\bbm412\world.cpp(366): warning C4305: 'argument': truncation from 'double' to 'GLfloat'
c:\users\muhammet\source\repos\bbm412\bbm412\bbm412\world.cpp(372): warning C4305: 'argument': truncation from 'double' to 'GLfloat'
c:\users\muhammet\source\repos\bbm412\bbm412\bbm412\world.cpp(439): warning C4244: 'argument': conversion from 'const double' to 'btScalar', possible loss of data
c:\users\muhammet\source\repos\bbm412\bbm412\bbm412\world.cpp(514): warning C4244: 'argument': conversion from 'double' to 'float', possible loss of data
c:\users\muhammet\source\repos\bbm412\bbm412\bbm412\world.cpp(520): warning C4244: 'argument': conversion from 'double' to 'float', possible loss of data
c:\users\muhammet\source\repos\bbm412\bbm412\bbm412\world.cpp(530): warning C4244: 'argument': conversion from 'double' to 'float', possible loss of data
c:\users\muhammet\source\repos\bbm412\bbm412\bbm412\world.cpp(548): warning C4244: 'argument': conversion from 'double' to 'float', possible loss of data
c:\users\muhammet\source\repos\bbm412\bbm412\bbm412\world.cpp(656): warning C4316: 'Seon': object allocated on the heap may not be aligned 16
c:\users\muhammet\source\repos\bbm412\bbm412\bbm412\world.cpp(784): warning C4244: '+=': conversion from 'const double' to 'float', possible loss of data
c:\users\muhammet\source\repos\bbm412\bbm412\bbm412\world.cpp(1009): warning C4244: 'argument': conversion from 'double' to 'float', possible loss of data
c:\users\muhammet\source\repos\bbm412\bbm412\bbm412\world.cpp(1031): warning C4244: 'argument': conversion from 'double' to 'float', possible loss of data
  Generating Code...
  BBM412.vcxproj -> C:\Users\MuHaMMeT\Source\Repos\BBM412\BBM412\Debug\BBM412.exe
  BBM412.vcxproj -> C:\Users\MuHaMMeT\Source\Repos\BBM412\BBM412\Debug\BBM412.pdb (Full PDB)
