  DefaultDynamicObject.cpp
  DefaultStaticObject.cpp
  DirecLight.cpp
DirecLight.cpp(5): warning C4305: 'argument': truncation from 'double' to 'GLfloat'
DirecLight.cpp(24): warning C4305: 'argument': truncation from 'double' to 'GLfloat'
  FlashLight.cpp
c:\users\muhammet\source\repos\bbm412\bbm412.2\bbm412\GSpotLight.h(20): warning C4250: 'GSpotLight': inherits 'GBasicLight::GBasicLight::translate' via dominance
  c:\users\muhammet\source\repos\bbm412\bbm412.2\bbm412\GBasicLight.h(26): note: see declaration of 'GBasicLight::translate'
c:\users\muhammet\source\repos\bbm412\bbm412.2\bbm412\GSpotLight.h(20): warning C4250: 'GSpotLight': inherits 'GBasicLight::GBasicLight::translateOn' via dominance
  c:\users\muhammet\source\repos\bbm412\bbm412.2\bbm412\GBasicLight.h(27): note: see declaration of 'GBasicLight::translateOn'
c:\users\muhammet\source\repos\bbm412\bbm412.2\bbm412\GSpotLight.h(20): warning C4250: 'GSpotLight': inherits 'GBasicLight::GBasicLight::rotate' via dominance
  c:\users\muhammet\source\repos\bbm412\bbm412.2\bbm412\GBasicLight.h(29): note: see declaration of 'GBasicLight::rotate'
c:\users\muhammet\source\repos\bbm412\bbm412.2\bbm412\GSpotLight.h(20): warning C4250: 'GSpotLight': inherits 'GBasicLight::GBasicLight::rotateAround' via dominance
  c:\users\muhammet\source\repos\bbm412\bbm412.2\bbm412\GBasicLight.h(30): note: see declaration of 'GBasicLight::rotateAround'
  GBasicLight.cpp
  GBasicObject.cpp
  GBasicTextureObject.cpp
  GDefaultObject.cpp
  GDefaultSplatObject.cpp
  GDirecLight.cpp
c:\users\muhammet\source\repos\bbm412\bbm412.2\bbm412\GDirecLight.h(23): warning C4250: 'GDirecLight': inherits 'DirecLight::DirecLight::increaseLightStrength' via dominance
  c:\users\muhammet\source\repos\bbm412\bbm412.2\bbm412\DirecLight.h(45): note: see declaration of 'DirecLight::increaseLightStrength'
c:\users\muhammet\source\repos\bbm412\bbm412.2\bbm412\GDirecLight.h(23): warning C4250: 'GDirecLight': inherits 'DirecLight::DirecLight::decreaseLightStrength' via dominance
  c:\users\muhammet\source\repos\bbm412\bbm412.2\bbm412\DirecLight.h(46): note: see declaration of 'DirecLight::decreaseLightStrength'
c:\users\muhammet\source\repos\bbm412\bbm412.2\bbm412\GDirecLight.h(23): warning C4250: 'GDirecLight': inherits 'DirecLight::DirecLight::getLightViewMatrix' via dominance
  c:\users\muhammet\source\repos\bbm412\bbm412.2\bbm412\DirecLight.h(51): note: see declaration of 'DirecLight::getLightViewMatrix'
c:\users\muhammet\source\repos\bbm412\bbm412.2\bbm412\GDirecLight.h(23): warning C4250: 'GDirecLight': inherits 'DirecLight::DirecLight::getLightProjMatrix' via dominance
  c:\users\muhammet\source\repos\bbm412\bbm412.2\bbm412\DirecLight.h(52): note: see declaration of 'DirecLight::getLightProjMatrix'
c:\users\muhammet\source\repos\bbm412\bbm412.2\bbm412\GDirecLight.h(23): warning C4250: 'GDirecLight': inherits 'DirecLight::DirecLight::calculateLightening' via dominance
  c:\users\muhammet\source\repos\bbm412\bbm412.2\bbm412\DirecLight.h(47): note: see declaration of 'DirecLight::calculateLightening'
c:\users\muhammet\source\repos\bbm412\bbm412.2\bbm412\GDirecLight.h(23): warning C4250: 'GDirecLight': inherits 'GBasicLight::GBasicLight::translate' via dominance
  c:\users\muhammet\source\repos\bbm412\bbm412.2\bbm412\GBasicLight.h(26): note: see declaration of 'GBasicLight::translate'
c:\users\muhammet\source\repos\bbm412\bbm412.2\bbm412\GDirecLight.h(23): warning C4250: 'GDirecLight': inherits 'GBasicLight::GBasicLight::translateOn' via dominance
  c:\users\muhammet\source\repos\bbm412\bbm412.2\bbm412\GBasicLight.h(27): note: see declaration of 'GBasicLight::translateOn'
c:\users\muhammet\source\repos\bbm412\bbm412.2\bbm412\GDirecLight.h(23): warning C4250: 'GDirecLight': inherits 'GBasicLight::GBasicLight::rotate' via dominance
  c:\users\muhammet\source\repos\bbm412\bbm412.2\bbm412\GBasicLight.h(29): note: see declaration of 'GBasicLight::rotate'
c:\users\muhammet\source\repos\bbm412\bbm412.2\bbm412\GDirecLight.h(23): warning C4250: 'GDirecLight': inherits 'GBasicLight::GBasicLight::rotateAround' via dominance
  c:\users\muhammet\source\repos\bbm412\bbm412.2\bbm412\GBasicLight.h(30): note: see declaration of 'GBasicLight::rotateAround'
  GDynamicDefaultObject.cpp
  GMapNRObject.cpp
  GObject.cpp
  GPointLight.cpp
c:\users\muhammet\source\repos\bbm412\bbm412.2\bbm412\GPointLight.h(26): warning C4250: 'GPointLight': inherits 'GBasicLight::GBasicLight::translate' via dominance
  c:\users\muhammet\source\repos\bbm412\bbm412.2\bbm412\GBasicLight.h(26): note: see declaration of 'GBasicLight::translate'
c:\users\muhammet\source\repos\bbm412\bbm412.2\bbm412\GPointLight.h(26): warning C4250: 'GPointLight': inherits 'GBasicLight::GBasicLight::translateOn' via dominance
  c:\users\muhammet\source\repos\bbm412\bbm412.2\bbm412\GBasicLight.h(27): note: see declaration of 'GBasicLight::translateOn'
c:\users\muhammet\source\repos\bbm412\bbm412.2\bbm412\GPointLight.h(26): warning C4250: 'GPointLight': inherits 'GBasicLight::GBasicLight::rotate' via dominance
  c:\users\muhammet\source\repos\bbm412\bbm412.2\bbm412\GBasicLight.h(29): note: see declaration of 'GBasicLight::rotate'
c:\users\muhammet\source\repos\bbm412\bbm412.2\bbm412\GPointLight.h(26): warning C4250: 'GPointLight': inherits 'GBasicLight::GBasicLight::rotateAround' via dominance
  c:\users\muhammet\source\repos\bbm412\bbm412.2\bbm412\GBasicLight.h(30): note: see declaration of 'GBasicLight::rotateAround'
c:\users\muhammet\source\repos\bbm412\bbm412.2\bbm412\GPointLight.h(26): warning C4250: 'GPointLight': inherits 'PointLight::PointLight::increaseLightStrength' via dominance
  c:\users\muhammet\source\repos\bbm412\bbm412.2\bbm412\PointLight.h(47): note: see declaration of 'PointLight::increaseLightStrength'
c:\users\muhammet\source\repos\bbm412\bbm412.2\bbm412\GPointLight.h(26): warning C4250: 'GPointLight': inherits 'PointLight::PointLight::decreaseLightStrength' via dominance
  c:\users\muhammet\source\repos\bbm412\bbm412.2\bbm412\PointLight.h(48): note: see declaration of 'PointLight::decreaseLightStrength'
c:\users\muhammet\source\repos\bbm412\bbm412.2\bbm412\GPointLight.h(26): warning C4250: 'GPointLight': inherits 'PointLight::PointLight::calculateLightening' via dominance
  c:\users\muhammet\source\repos\bbm412\bbm412.2\bbm412\PointLight.h(46): note: see declaration of 'PointLight::calculateLightening'
  GSpotLight.cpp
c:\users\muhammet\source\repos\bbm412\bbm412.2\bbm412\GSpotLight.h(20): warning C4250: 'GSpotLight': inherits 'GBasicLight::GBasicLight::translate' via dominance
  c:\users\muhammet\source\repos\bbm412\bbm412.2\bbm412\GBasicLight.h(26): note: see declaration of 'GBasicLight::translate'
c:\users\muhammet\source\repos\bbm412\bbm412.2\bbm412\GSpotLight.h(20): warning C4250: 'GSpotLight': inherits 'GBasicLight::GBasicLight::translateOn' via dominance
  c:\users\muhammet\source\repos\bbm412\bbm412.2\bbm412\GBasicLight.h(27): note: see declaration of 'GBasicLight::translateOn'
c:\users\muhammet\source\repos\bbm412\bbm412.2\bbm412\GSpotLight.h(20): warning C4250: 'GSpotLight': inherits 'GBasicLight::GBasicLight::rotate' via dominance
  c:\users\muhammet\source\repos\bbm412\bbm412.2\bbm412\GBasicLight.h(29): note: see declaration of 'GBasicLight::rotate'
c:\users\muhammet\source\repos\bbm412\bbm412.2\bbm412\GSpotLight.h(20): warning C4250: 'GSpotLight': inherits 'GBasicLight::GBasicLight::rotateAround' via dominance
  c:\users\muhammet\source\repos\bbm412\bbm412.2\bbm412\GBasicLight.h(30): note: see declaration of 'GBasicLight::rotateAround'
  Game.cpp
c:\users\muhammet\source\repos\bbm412\bbm412.2\bbm412\GDirecLight.h(23): warning C4250: 'GDirecLight': inherits 'DirecLight::DirecLight::increaseLightStrength' via dominance
  c:\users\muhammet\source\repos\bbm412\bbm412.2\bbm412\DirecLight.h(45): note: see declaration of 'DirecLight::increaseLightStrength'
c:\users\muhammet\source\repos\bbm412\bbm412.2\bbm412\GDirecLight.h(23): warning C4250: 'GDirecLight': inherits 'DirecLight::DirecLight::decreaseLightStrength' via dominance
  c:\users\muhammet\source\repos\bbm412\bbm412.2\bbm412\DirecLight.h(46): note: see declaration of 'DirecLight::decreaseLightStrength'
c:\users\muhammet\source\repos\bbm412\bbm412.2\bbm412\GDirecLight.h(23): warning C4250: 'GDirecLight': inherits 'DirecLight::DirecLight::getLightViewMatrix' via dominance
  c:\users\muhammet\source\repos\bbm412\bbm412.2\bbm412\DirecLight.h(51): note: see declaration of 'DirecLight::getLightViewMatrix'
c:\users\muhammet\source\repos\bbm412\bbm412.2\bbm412\GDirecLight.h(23): warning C4250: 'GDirecLight': inherits 'DirecLight::DirecLight::getLightProjMatrix' via dominance
  c:\users\muhammet\source\repos\bbm412\bbm412.2\bbm412\DirecLight.h(52): note: see declaration of 'DirecLight::getLightProjMatrix'
c:\users\muhammet\source\repos\bbm412\bbm412.2\bbm412\GDirecLight.h(23): warning C4250: 'GDirecLight': inherits 'DirecLight::DirecLight::calculateLightening' via dominance
  c:\users\muhammet\source\repos\bbm412\bbm412.2\bbm412\DirecLight.h(47): note: see declaration of 'DirecLight::calculateLightening'
c:\users\muhammet\source\repos\bbm412\bbm412.2\bbm412\GDirecLight.h(23): warning C4250: 'GDirecLight': inherits 'GBasicLight::GBasicLight::translate' via dominance
  c:\users\muhammet\source\repos\bbm412\bbm412.2\bbm412\GBasicLight.h(26): note: see declaration of 'GBasicLight::translate'
c:\users\muhammet\source\repos\bbm412\bbm412.2\bbm412\GDirecLight.h(23): warning C4250: 'GDirecLight': inherits 'GBasicLight::GBasicLight::translateOn' via dominance
  c:\users\muhammet\source\repos\bbm412\bbm412.2\bbm412\GBasicLight.h(27): note: see declaration of 'GBasicLight::translateOn'
c:\users\muhammet\source\repos\bbm412\bbm412.2\bbm412\GDirecLight.h(23): warning C4250: 'GDirecLight': inherits 'GBasicLight::GBasicLight::rotate' via dominance
  c:\users\muhammet\source\repos\bbm412\bbm412.2\bbm412\GBasicLight.h(29): note: see declaration of 'GBasicLight::rotate'
c:\users\muhammet\source\repos\bbm412\bbm412.2\bbm412\GDirecLight.h(23): warning C4250: 'GDirecLight': inherits 'GBasicLight::GBasicLight::rotateAround' via dominance
  c:\users\muhammet\source\repos\bbm412\bbm412.2\bbm412\GBasicLight.h(30): note: see declaration of 'GBasicLight::rotateAround'
c:\users\muhammet\source\repos\bbm412\bbm412.2\bbm412\Sun.h(20): warning C4250: 'Sun': inherits 'DirecLight::DirecLight::increaseLightStrength' via dominance
  c:\users\muhammet\source\repos\bbm412\bbm412.2\bbm412\DirecLight.h(45): note: see declaration of 'DirecLight::increaseLightStrength'
c:\users\muhammet\source\repos\bbm412\bbm412.2\bbm412\Sun.h(20): warning C4250: 'Sun': inherits 'DirecLight::DirecLight::decreaseLightStrength' via dominance
  c:\users\muhammet\source\repos\bbm412\bbm412.2\bbm412\DirecLight.h(46): note: see declaration of 'DirecLight::decreaseLightStrength'
c:\users\muhammet\source\repos\bbm412\bbm412.2\bbm412\Sun.h(20): warning C4250: 'Sun': inherits 'DirecLight::DirecLight::getLightViewMatrix' via dominance
  c:\users\muhammet\source\repos\bbm412\bbm412.2\bbm412\DirecLight.h(51): note: see declaration of 'DirecLight::getLightViewMatrix'
c:\users\muhammet\source\repos\bbm412\bbm412.2\bbm412\Sun.h(20): warning C4250: 'Sun': inherits 'DirecLight::DirecLight::getLightProjMatrix' via dominance
  c:\users\muhammet\source\repos\bbm412\bbm412.2\bbm412\DirecLight.h(52): note: see declaration of 'DirecLight::getLightProjMatrix'
c:\users\muhammet\source\repos\bbm412\bbm412.2\bbm412\Sun.h(20): warning C4250: 'Sun': inherits 'GBasicLight::GBasicLight::translate' via dominance
  c:\users\muhammet\source\repos\bbm412\bbm412.2\bbm412\GBasicLight.h(26): note: see declaration of 'GBasicLight::translate'
c:\users\muhammet\source\repos\bbm412\bbm412.2\bbm412\Sun.h(20): warning C4250: 'Sun': inherits 'GBasicLight::GBasicLight::translateOn' via dominance
  c:\users\muhammet\source\repos\bbm412\bbm412.2\bbm412\GBasicLight.h(27): note: see declaration of 'GBasicLight::translateOn'
c:\users\muhammet\source\repos\bbm412\bbm412.2\bbm412\Sun.h(20): warning C4250: 'Sun': inherits 'GBasicLight::GBasicLight::rotate' via dominance
  c:\users\muhammet\source\repos\bbm412\bbm412.2\bbm412\GBasicLight.h(29): note: see declaration of 'GBasicLight::rotate'
c:\users\muhammet\source\repos\bbm412\bbm412.2\bbm412\Sun.h(20): warning C4250: 'Sun': inherits 'GBasicLight::GBasicLight::rotateAround' via dominance
  c:\users\muhammet\source\repos\bbm412\bbm412.2\bbm412\GBasicLight.h(30): note: see declaration of 'GBasicLight::rotateAround'
c:\users\muhammet\source\repos\bbm412\bbm412.2\bbm412\GPointLight.h(26): warning C4250: 'GPointLight': inherits 'GBasicLight::GBasicLight::translate' via dominance
  c:\users\muhammet\source\repos\bbm412\bbm412.2\bbm412\GBasicLight.h(26): note: see declaration of 'GBasicLight::translate'
c:\users\muhammet\source\repos\bbm412\bbm412.2\bbm412\GPointLight.h(26): warning C4250: 'GPointLight': inherits 'GBasicLight::GBasicLight::translateOn' via dominance
  c:\users\muhammet\source\repos\bbm412\bbm412.2\bbm412\GBasicLight.h(27): note: see declaration of 'GBasicLight::translateOn'
c:\users\muhammet\source\repos\bbm412\bbm412.2\bbm412\GPointLight.h(26): warning C4250: 'GPointLight': inherits 'GBasicLight::GBasicLight::rotate' via dominance
  c:\users\muhammet\source\repos\bbm412\bbm412.2\bbm412\GBasicLight.h(29): note: see declaration of 'GBasicLight::rotate'
c:\users\muhammet\source\repos\bbm412\bbm412.2\bbm412\GPointLight.h(26): warning C4250: 'GPointLight': inherits 'GBasicLight::GBasicLight::rotateAround' via dominance
  c:\users\muhammet\source\repos\bbm412\bbm412.2\bbm412\GBasicLight.h(30): note: see declaration of 'GBasicLight::rotateAround'
c:\users\muhammet\source\repos\bbm412\bbm412.2\bbm412\GPointLight.h(26): warning C4250: 'GPointLight': inherits 'PointLight::PointLight::increaseLightStrength' via dominance
  c:\users\muhammet\source\repos\bbm412\bbm412.2\bbm412\PointLight.h(47): note: see declaration of 'PointLight::increaseLightStrength'
c:\users\muhammet\source\repos\bbm412\bbm412.2\bbm412\GPointLight.h(26): warning C4250: 'GPointLight': inherits 'PointLight::PointLight::decreaseLightStrength' via dominance
  c:\users\muhammet\source\repos\bbm412\bbm412.2\bbm412\PointLight.h(48): note: see declaration of 'PointLight::decreaseLightStrength'
c:\users\muhammet\source\repos\bbm412\bbm412.2\bbm412\GPointLight.h(26): warning C4250: 'GPointLight': inherits 'PointLight::PointLight::calculateLightening' via dominance
  c:\users\muhammet\source\repos\bbm412\bbm412.2\bbm412\PointLight.h(46): note: see declaration of 'PointLight::calculateLightening'
c:\users\muhammet\source\repos\bbm412\bbm412.2\bbm412\Seon.h(17): warning C4250: 'Seon': inherits 'GBasicLight::GBasicLight::translate' via dominance
  c:\users\muhammet\source\repos\bbm412\bbm412.2\bbm412\GBasicLight.h(26): note: see declaration of 'GBasicLight::translate'
c:\users\muhammet\source\repos\bbm412\bbm412.2\bbm412\Seon.h(17): warning C4250: 'Seon': inherits 'GBasicLight::GBasicLight::translateOn' via dominance
  c:\users\muhammet\source\repos\bbm412\bbm412.2\bbm412\GBasicLight.h(27): note: see declaration of 'GBasicLight::translateOn'
c:\users\muhammet\source\repos\bbm412\bbm412.2\bbm412\Seon.h(17): warning C4250: 'Seon': inherits 'GBasicLight::GBasicLight::rotate' via dominance
  c:\users\muhammet\source\repos\bbm412\bbm412.2\bbm412\GBasicLight.h(29): note: see declaration of 'GBasicLight::rotate'
c:\users\muhammet\source\repos\bbm412\bbm412.2\bbm412\Seon.h(17): warning C4250: 'Seon': inherits 'GBasicLight::GBasicLight::rotateAround' via dominance
  c:\users\muhammet\source\repos\bbm412\bbm412.2\bbm412\GBasicLight.h(30): note: see declaration of 'GBasicLight::rotateAround'
c:\users\muhammet\source\repos\bbm412\bbm412.2\bbm412\Seon.h(17): warning C4250: 'Seon': inherits 'PointLight::PointLight::increaseLightStrength' via dominance
  c:\users\muhammet\source\repos\bbm412\bbm412.2\bbm412\PointLight.h(47): note: see declaration of 'PointLight::increaseLightStrength'
c:\users\muhammet\source\repos\bbm412\bbm412.2\bbm412\Seon.h(17): warning C4250: 'Seon': inherits 'PointLight::PointLight::decreaseLightStrength' via dominance
  c:\users\muhammet\source\repos\bbm412\bbm412.2\bbm412\PointLight.h(48): note: see declaration of 'PointLight::decreaseLightStrength'
c:\users\muhammet\source\repos\bbm412\bbm412.2\bbm412\Seon.h(17): warning C4250: 'Seon': inherits 'PointLight::PointLight::calculateLightening' via dominance
  c:\users\muhammet\source\repos\bbm412\bbm412.2\bbm412\PointLight.h(46): note: see declaration of 'PointLight::calculateLightening'
c:\users\muhammet\source\repos\bbm412\bbm412.2\bbm412\GSpotLight.h(20): warning C4250: 'GSpotLight': inherits 'GBasicLight::GBasicLight::translate' via dominance
  c:\users\muhammet\source\repos\bbm412\bbm412.2\bbm412\GBasicLight.h(26): note: see declaration of 'GBasicLight::translate'
c:\users\muhammet\source\repos\bbm412\bbm412.2\bbm412\GSpotLight.h(20): warning C4250: 'GSpotLight': inherits 'GBasicLight::GBasicLight::translateOn' via dominance
  c:\users\muhammet\source\repos\bbm412\bbm412.2\bbm412\GBasicLight.h(27): note: see declaration of 'GBasicLight::translateOn'
c:\users\muhammet\source\repos\bbm412\bbm412.2\bbm412\GSpotLight.h(20): warning C4250: 'GSpotLight': inherits 'GBasicLight::GBasicLight::rotate' via dominance
  c:\users\muhammet\source\repos\bbm412\bbm412.2\bbm412\GBasicLight.h(29): note: see declaration of 'GBasicLight::rotate'
c:\users\muhammet\source\repos\bbm412\bbm412.2\bbm412\GSpotLight.h(20): warning C4250: 'GSpotLight': inherits 'GBasicLight::GBasicLight::rotateAround' via dominance
  c:\users\muhammet\source\repos\bbm412\bbm412.2\bbm412\GBasicLight.h(30): note: see declaration of 'GBasicLight::rotateAround'
C:\Program Files (x86)\Windows Kits\8.1\Include\shared\minwindef.h(130): warning C4005: 'APIENTRY': macro redefinition
  C:\Users\MuHaMMeT\Source\Repos\BBM412\BBM412.2\BBM412\OpenGL\include\glfw\glfw3.h(98): note: see previous definition of 'APIENTRY'
Game.cpp(84): warning C4244: '=': conversion from 'GLdouble' to 'GLfloat', possible loss of data
Game.cpp(85): warning C4244: '=': conversion from 'GLdouble' to 'GLfloat', possible loss of data
Game.cpp(195): warning C4150: deletion of pointer to incomplete type 'GLFWwindow'; no destructor called
  C:\Users\MuHaMMeT\Source\Repos\BBM412\BBM412.2\BBM412\OpenGL\include\glfw\glfw3.h(789): note: see declaration of 'GLFWwindow'
  Seon.cpp
c:\users\muhammet\source\repos\bbm412\bbm412.2\bbm412\GPointLight.h(26): warning C4250: 'GPointLight': inherits 'GBasicLight::GBasicLight::translate' via dominance
  c:\users\muhammet\source\repos\bbm412\bbm412.2\bbm412\GBasicLight.h(26): note: see declaration of 'GBasicLight::translate'
c:\users\muhammet\source\repos\bbm412\bbm412.2\bbm412\GPointLight.h(26): warning C4250: 'GPointLight': inherits 'GBasicLight::GBasicLight::translateOn' via dominance
  c:\users\muhammet\source\repos\bbm412\bbm412.2\bbm412\GBasicLight.h(27): note: see declaration of 'GBasicLight::translateOn'
c:\users\muhammet\source\repos\bbm412\bbm412.2\bbm412\GPointLight.h(26): warning C4250: 'GPointLight': inherits 'GBasicLight::GBasicLight::rotate' via dominance
  c:\users\muhammet\source\repos\bbm412\bbm412.2\bbm412\GBasicLight.h(29): note: see declaration of 'GBasicLight::rotate'
c:\users\muhammet\source\repos\bbm412\bbm412.2\bbm412\GPointLight.h(26): warning C4250: 'GPointLight': inherits 'GBasicLight::GBasicLight::rotateAround' via dominance
  c:\users\muhammet\source\repos\bbm412\bbm412.2\bbm412\GBasicLight.h(30): note: see declaration of 'GBasicLight::rotateAround'
c:\users\muhammet\source\repos\bbm412\bbm412.2\bbm412\GPointLight.h(26): warning C4250: 'GPointLight': inherits 'PointLight::PointLight::increaseLightStrength' via dominance
  c:\users\muhammet\source\repos\bbm412\bbm412.2\bbm412\PointLight.h(47): note: see declaration of 'PointLight::increaseLightStrength'
c:\users\muhammet\source\repos\bbm412\bbm412.2\bbm412\GPointLight.h(26): warning C4250: 'GPointLight': inherits 'PointLight::PointLight::decreaseLightStrength' via dominance
  c:\users\muhammet\source\repos\bbm412\bbm412.2\bbm412\PointLight.h(48): note: see declaration of 'PointLight::decreaseLightStrength'
c:\users\muhammet\source\repos\bbm412\bbm412.2\bbm412\GPointLight.h(26): warning C4250: 'GPointLight': inherits 'PointLight::PointLight::calculateLightening' via dominance
  c:\users\muhammet\source\repos\bbm412\bbm412.2\bbm412\PointLight.h(46): note: see declaration of 'PointLight::calculateLightening'
c:\users\muhammet\source\repos\bbm412\bbm412.2\bbm412\Seon.h(17): warning C4250: 'Seon': inherits 'GBasicLight::GBasicLight::translate' via dominance
  c:\users\muhammet\source\repos\bbm412\bbm412.2\bbm412\GBasicLight.h(26): note: see declaration of 'GBasicLight::translate'
c:\users\muhammet\source\repos\bbm412\bbm412.2\bbm412\Seon.h(17): warning C4250: 'Seon': inherits 'GBasicLight::GBasicLight::translateOn' via dominance
  c:\users\muhammet\source\repos\bbm412\bbm412.2\bbm412\GBasicLight.h(27): note: see declaration of 'GBasicLight::translateOn'
c:\users\muhammet\source\repos\bbm412\bbm412.2\bbm412\Seon.h(17): warning C4250: 'Seon': inherits 'GBasicLight::GBasicLight::rotate' via dominance
  c:\users\muhammet\source\repos\bbm412\bbm412.2\bbm412\GBasicLight.h(29): note: see declaration of 'GBasicLight::rotate'
c:\users\muhammet\source\repos\bbm412\bbm412.2\bbm412\Seon.h(17): warning C4250: 'Seon': inherits 'GBasicLight::GBasicLight::rotateAround' via dominance
  c:\users\muhammet\source\repos\bbm412\bbm412.2\bbm412\GBasicLight.h(30): note: see declaration of 'GBasicLight::rotateAround'
c:\users\muhammet\source\repos\bbm412\bbm412.2\bbm412\Seon.h(17): warning C4250: 'Seon': inherits 'PointLight::PointLight::increaseLightStrength' via dominance
  c:\users\muhammet\source\repos\bbm412\bbm412.2\bbm412\PointLight.h(47): note: see declaration of 'PointLight::increaseLightStrength'
c:\users\muhammet\source\repos\bbm412\bbm412.2\bbm412\Seon.h(17): warning C4250: 'Seon': inherits 'PointLight::PointLight::decreaseLightStrength' via dominance
  c:\users\muhammet\source\repos\bbm412\bbm412.2\bbm412\PointLight.h(48): note: see declaration of 'PointLight::decreaseLightStrength'
c:\users\muhammet\source\repos\bbm412\bbm412.2\bbm412\Seon.h(17): warning C4250: 'Seon': inherits 'PointLight::PointLight::calculateLightening' via dominance
  c:\users\muhammet\source\repos\bbm412\bbm412.2\bbm412\PointLight.h(46): note: see declaration of 'PointLight::calculateLightening'
  Sky.cpp
  Sun.cpp
c:\users\muhammet\source\repos\bbm412\bbm412.2\bbm412\GDirecLight.h(23): warning C4250: 'GDirecLight': inherits 'DirecLight::DirecLight::increaseLightStrength' via dominance
  c:\users\muhammet\source\repos\bbm412\bbm412.2\bbm412\DirecLight.h(45): note: see declaration of 'DirecLight::increaseLightStrength'
c:\users\muhammet\source\repos\bbm412\bbm412.2\bbm412\GDirecLight.h(23): warning C4250: 'GDirecLight': inherits 'DirecLight::DirecLight::decreaseLightStrength' via dominance
  c:\users\muhammet\source\repos\bbm412\bbm412.2\bbm412\DirecLight.h(46): note: see declaration of 'DirecLight::decreaseLightStrength'
c:\users\muhammet\source\repos\bbm412\bbm412.2\bbm412\GDirecLight.h(23): warning C4250: 'GDirecLight': inherits 'DirecLight::DirecLight::getLightViewMatrix' via dominance
  c:\users\muhammet\source\repos\bbm412\bbm412.2\bbm412\DirecLight.h(51): note: see declaration of 'DirecLight::getLightViewMatrix'
c:\users\muhammet\source\repos\bbm412\bbm412.2\bbm412\GDirecLight.h(23): warning C4250: 'GDirecLight': inherits 'DirecLight::DirecLight::getLightProjMatrix' via dominance
  c:\users\muhammet\source\repos\bbm412\bbm412.2\bbm412\DirecLight.h(52): note: see declaration of 'DirecLight::getLightProjMatrix'
c:\users\muhammet\source\repos\bbm412\bbm412.2\bbm412\GDirecLight.h(23): warning C4250: 'GDirecLight': inherits 'DirecLight::DirecLight::calculateLightening' via dominance
  c:\users\muhammet\source\repos\bbm412\bbm412.2\bbm412\DirecLight.h(47): note: see declaration of 'DirecLight::calculateLightening'
c:\users\muhammet\source\repos\bbm412\bbm412.2\bbm412\GDirecLight.h(23): warning C4250: 'GDirecLight': inherits 'GBasicLight::GBasicLight::translate' via dominance
  c:\users\muhammet\source\repos\bbm412\bbm412.2\bbm412\GBasicLight.h(26): note: see declaration of 'GBasicLight::translate'
c:\users\muhammet\source\repos\bbm412\bbm412.2\bbm412\GDirecLight.h(23): warning C4250: 'GDirecLight': inherits 'GBasicLight::GBasicLight::translateOn' via dominance
  c:\users\muhammet\source\repos\bbm412\bbm412.2\bbm412\GBasicLight.h(27): note: see declaration of 'GBasicLight::translateOn'
c:\users\muhammet\source\repos\bbm412\bbm412.2\bbm412\GDirecLight.h(23): warning C4250: 'GDirecLight': inherits 'GBasicLight::GBasicLight::rotate' via dominance
  c:\users\muhammet\source\repos\bbm412\bbm412.2\bbm412\GBasicLight.h(29): note: see declaration of 'GBasicLight::rotate'
c:\users\muhammet\source\repos\bbm412\bbm412.2\bbm412\GDirecLight.h(23): warning C4250: 'GDirecLight': inherits 'GBasicLight::GBasicLight::rotateAround' via dominance
  c:\users\muhammet\source\repos\bbm412\bbm412.2\bbm412\GBasicLight.h(30): note: see declaration of 'GBasicLight::rotateAround'
c:\users\muhammet\source\repos\bbm412\bbm412.2\bbm412\Sun.h(20): warning C4250: 'Sun': inherits 'DirecLight::DirecLight::increaseLightStrength' via dominance
  c:\users\muhammet\source\repos\bbm412\bbm412.2\bbm412\DirecLight.h(45): note: see declaration of 'DirecLight::increaseLightStrength'
c:\users\muhammet\source\repos\bbm412\bbm412.2\bbm412\Sun.h(20): warning C4250: 'Sun': inherits 'DirecLight::DirecLight::decreaseLightStrength' via dominance
  c:\users\muhammet\source\repos\bbm412\bbm412.2\bbm412\DirecLight.h(46): note: see declaration of 'DirecLight::decreaseLightStrength'
c:\users\muhammet\source\repos\bbm412\bbm412.2\bbm412\Sun.h(20): warning C4250: 'Sun': inherits 'DirecLight::DirecLight::getLightViewMatrix' via dominance
  c:\users\muhammet\source\repos\bbm412\bbm412.2\bbm412\DirecLight.h(51): note: see declaration of 'DirecLight::getLightViewMatrix'
c:\users\muhammet\source\repos\bbm412\bbm412.2\bbm412\Sun.h(20): warning C4250: 'Sun': inherits 'DirecLight::DirecLight::getLightProjMatrix' via dominance
  c:\users\muhammet\source\repos\bbm412\bbm412.2\bbm412\DirecLight.h(52): note: see declaration of 'DirecLight::getLightProjMatrix'
c:\users\muhammet\source\repos\bbm412\bbm412.2\bbm412\Sun.h(20): warning C4250: 'Sun': inherits 'GBasicLight::GBasicLight::translate' via dominance
  c:\users\muhammet\source\repos\bbm412\bbm412.2\bbm412\GBasicLight.h(26): note: see declaration of 'GBasicLight::translate'
c:\users\muhammet\source\repos\bbm412\bbm412.2\bbm412\Sun.h(20): warning C4250: 'Sun': inherits 'GBasicLight::GBasicLight::translateOn' via dominance
  c:\users\muhammet\source\repos\bbm412\bbm412.2\bbm412\GBasicLight.h(27): note: see declaration of 'GBasicLight::translateOn'
c:\users\muhammet\source\repos\bbm412\bbm412.2\bbm412\Sun.h(20): warning C4250: 'Sun': inherits 'GBasicLight::GBasicLight::rotate' via dominance
  c:\users\muhammet\source\repos\bbm412\bbm412.2\bbm412\GBasicLight.h(29): note: see declaration of 'GBasicLight::rotate'
c:\users\muhammet\source\repos\bbm412\bbm412.2\bbm412\Sun.h(20): warning C4250: 'Sun': inherits 'GBasicLight::GBasicLight::rotateAround' via dominance
  c:\users\muhammet\source\repos\bbm412\bbm412.2\bbm412\GBasicLight.h(30): note: see declaration of 'GBasicLight::rotateAround'
Sun.cpp(11): warning C4244: '+=': conversion from 'double' to 'GLfloat', possible loss of data
Sun.cpp(12): warning C4244: '=': conversion from 'double' to 'GLfloat', possible loss of data
  World.cpp
c:\users\muhammet\source\repos\bbm412\bbm412.2\bbm412\GDirecLight.h(23): warning C4250: 'GDirecLight': inherits 'DirecLight::DirecLight::increaseLightStrength' via dominance
  c:\users\muhammet\source\repos\bbm412\bbm412.2\bbm412\DirecLight.h(45): note: see declaration of 'DirecLight::increaseLightStrength'
c:\users\muhammet\source\repos\bbm412\bbm412.2\bbm412\GDirecLight.h(23): warning C4250: 'GDirecLight': inherits 'DirecLight::DirecLight::decreaseLightStrength' via dominance
  c:\users\muhammet\source\repos\bbm412\bbm412.2\bbm412\DirecLight.h(46): note: see declaration of 'DirecLight::decreaseLightStrength'
c:\users\muhammet\source\repos\bbm412\bbm412.2\bbm412\GDirecLight.h(23): warning C4250: 'GDirecLight': inherits 'DirecLight::DirecLight::getLightViewMatrix' via dominance
  c:\users\muhammet\source\repos\bbm412\bbm412.2\bbm412\DirecLight.h(51): note: see declaration of 'DirecLight::getLightViewMatrix'
c:\users\muhammet\source\repos\bbm412\bbm412.2\bbm412\GDirecLight.h(23): warning C4250: 'GDirecLight': inherits 'DirecLight::DirecLight::getLightProjMatrix' via dominance
  c:\users\muhammet\source\repos\bbm412\bbm412.2\bbm412\DirecLight.h(52): note: see declaration of 'DirecLight::getLightProjMatrix'
c:\users\muhammet\source\repos\bbm412\bbm412.2\bbm412\GDirecLight.h(23): warning C4250: 'GDirecLight': inherits 'DirecLight::DirecLight::calculateLightening' via dominance
  c:\users\muhammet\source\repos\bbm412\bbm412.2\bbm412\DirecLight.h(47): note: see declaration of 'DirecLight::calculateLightening'
c:\users\muhammet\source\repos\bbm412\bbm412.2\bbm412\GDirecLight.h(23): warning C4250: 'GDirecLight': inherits 'GBasicLight::GBasicLight::translate' via dominance
  c:\users\muhammet\source\repos\bbm412\bbm412.2\bbm412\GBasicLight.h(26): note: see declaration of 'GBasicLight::translate'
c:\users\muhammet\source\repos\bbm412\bbm412.2\bbm412\GDirecLight.h(23): warning C4250: 'GDirecLight': inherits 'GBasicLight::GBasicLight::translateOn' via dominance
  c:\users\muhammet\source\repos\bbm412\bbm412.2\bbm412\GBasicLight.h(27): note: see declaration of 'GBasicLight::translateOn'
c:\users\muhammet\source\repos\bbm412\bbm412.2\bbm412\GDirecLight.h(23): warning C4250: 'GDirecLight': inherits 'GBasicLight::GBasicLight::rotate' via dominance
  c:\users\muhammet\source\repos\bbm412\bbm412.2\bbm412\GBasicLight.h(29): note: see declaration of 'GBasicLight::rotate'
c:\users\muhammet\source\repos\bbm412\bbm412.2\bbm412\GDirecLight.h(23): warning C4250: 'GDirecLight': inherits 'GBasicLight::GBasicLight::rotateAround' via dominance
  c:\users\muhammet\source\repos\bbm412\bbm412.2\bbm412\GBasicLight.h(30): note: see declaration of 'GBasicLight::rotateAround'
c:\users\muhammet\source\repos\bbm412\bbm412.2\bbm412\Sun.h(20): warning C4250: 'Sun': inherits 'DirecLight::DirecLight::increaseLightStrength' via dominance
  c:\users\muhammet\source\repos\bbm412\bbm412.2\bbm412\DirecLight.h(45): note: see declaration of 'DirecLight::increaseLightStrength'
c:\users\muhammet\source\repos\bbm412\bbm412.2\bbm412\Sun.h(20): warning C4250: 'Sun': inherits 'DirecLight::DirecLight::decreaseLightStrength' via dominance
  c:\users\muhammet\source\repos\bbm412\bbm412.2\bbm412\DirecLight.h(46): note: see declaration of 'DirecLight::decreaseLightStrength'
c:\users\muhammet\source\repos\bbm412\bbm412.2\bbm412\Sun.h(20): warning C4250: 'Sun': inherits 'DirecLight::DirecLight::getLightViewMatrix' via dominance
  c:\users\muhammet\source\repos\bbm412\bbm412.2\bbm412\DirecLight.h(51): note: see declaration of 'DirecLight::getLightViewMatrix'
c:\users\muhammet\source\repos\bbm412\bbm412.2\bbm412\Sun.h(20): warning C4250: 'Sun': inherits 'DirecLight::DirecLight::getLightProjMatrix' via dominance
  c:\users\muhammet\source\repos\bbm412\bbm412.2\bbm412\DirecLight.h(52): note: see declaration of 'DirecLight::getLightProjMatrix'
c:\users\muhammet\source\repos\bbm412\bbm412.2\bbm412\Sun.h(20): warning C4250: 'Sun': inherits 'GBasicLight::GBasicLight::translate' via dominance
  c:\users\muhammet\source\repos\bbm412\bbm412.2\bbm412\GBasicLight.h(26): note: see declaration of 'GBasicLight::translate'
c:\users\muhammet\source\repos\bbm412\bbm412.2\bbm412\Sun.h(20): warning C4250: 'Sun': inherits 'GBasicLight::GBasicLight::translateOn' via dominance
  c:\users\muhammet\source\repos\bbm412\bbm412.2\bbm412\GBasicLight.h(27): note: see declaration of 'GBasicLight::translateOn'
c:\users\muhammet\source\repos\bbm412\bbm412.2\bbm412\Sun.h(20): warning C4250: 'Sun': inherits 'GBasicLight::GBasicLight::rotate' via dominance
  c:\users\muhammet\source\repos\bbm412\bbm412.2\bbm412\GBasicLight.h(29): note: see declaration of 'GBasicLight::rotate'
c:\users\muhammet\source\repos\bbm412\bbm412.2\bbm412\Sun.h(20): warning C4250: 'Sun': inherits 'GBasicLight::GBasicLight::rotateAround' via dominance
  c:\users\muhammet\source\repos\bbm412\bbm412.2\bbm412\GBasicLight.h(30): note: see declaration of 'GBasicLight::rotateAround'
c:\users\muhammet\source\repos\bbm412\bbm412.2\bbm412\GPointLight.h(26): warning C4250: 'GPointLight': inherits 'GBasicLight::GBasicLight::translate' via dominance
  c:\users\muhammet\source\repos\bbm412\bbm412.2\bbm412\GBasicLight.h(26): note: see declaration of 'GBasicLight::translate'
c:\users\muhammet\source\repos\bbm412\bbm412.2\bbm412\GPointLight.h(26): warning C4250: 'GPointLight': inherits 'GBasicLight::GBasicLight::translateOn' via dominance
  c:\users\muhammet\source\repos\bbm412\bbm412.2\bbm412\GBasicLight.h(27): note: see declaration of 'GBasicLight::translateOn'
c:\users\muhammet\source\repos\bbm412\bbm412.2\bbm412\GPointLight.h(26): warning C4250: 'GPointLight': inherits 'GBasicLight::GBasicLight::rotate' via dominance
  c:\users\muhammet\source\repos\bbm412\bbm412.2\bbm412\GBasicLight.h(29): note: see declaration of 'GBasicLight::rotate'
c:\users\muhammet\source\repos\bbm412\bbm412.2\bbm412\GPointLight.h(26): warning C4250: 'GPointLight': inherits 'GBasicLight::GBasicLight::rotateAround' via dominance
  c:\users\muhammet\source\repos\bbm412\bbm412.2\bbm412\GBasicLight.h(30): note: see declaration of 'GBasicLight::rotateAround'
c:\users\muhammet\source\repos\bbm412\bbm412.2\bbm412\GPointLight.h(26): warning C4250: 'GPointLight': inherits 'PointLight::PointLight::increaseLightStrength' via dominance
  c:\users\muhammet\source\repos\bbm412\bbm412.2\bbm412\PointLight.h(47): note: see declaration of 'PointLight::increaseLightStrength'
c:\users\muhammet\source\repos\bbm412\bbm412.2\bbm412\GPointLight.h(26): warning C4250: 'GPointLight': inherits 'PointLight::PointLight::decreaseLightStrength' via dominance
  c:\users\muhammet\source\repos\bbm412\bbm412.2\bbm412\PointLight.h(48): note: see declaration of 'PointLight::decreaseLightStrength'
c:\users\muhammet\source\repos\bbm412\bbm412.2\bbm412\GPointLight.h(26): warning C4250: 'GPointLight': inherits 'PointLight::PointLight::calculateLightening' via dominance
  c:\users\muhammet\source\repos\bbm412\bbm412.2\bbm412\PointLight.h(46): note: see declaration of 'PointLight::calculateLightening'
c:\users\muhammet\source\repos\bbm412\bbm412.2\bbm412\Seon.h(17): warning C4250: 'Seon': inherits 'GBasicLight::GBasicLight::translate' via dominance
  c:\users\muhammet\source\repos\bbm412\bbm412.2\bbm412\GBasicLight.h(26): note: see declaration of 'GBasicLight::translate'
c:\users\muhammet\source\repos\bbm412\bbm412.2\bbm412\Seon.h(17): warning C4250: 'Seon': inherits 'GBasicLight::GBasicLight::translateOn' via dominance
  c:\users\muhammet\source\repos\bbm412\bbm412.2\bbm412\GBasicLight.h(27): note: see declaration of 'GBasicLight::translateOn'
c:\users\muhammet\source\repos\bbm412\bbm412.2\bbm412\Seon.h(17): warning C4250: 'Seon': inherits 'GBasicLight::GBasicLight::rotate' via dominance
  c:\users\muhammet\source\repos\bbm412\bbm412.2\bbm412\GBasicLight.h(29): note: see declaration of 'GBasicLight::rotate'
c:\users\muhammet\source\repos\bbm412\bbm412.2\bbm412\Seon.h(17): warning C4250: 'Seon': inherits 'GBasicLight::GBasicLight::rotateAround' via dominance
  c:\users\muhammet\source\repos\bbm412\bbm412.2\bbm412\GBasicLight.h(30): note: see declaration of 'GBasicLight::rotateAround'
c:\users\muhammet\source\repos\bbm412\bbm412.2\bbm412\Seon.h(17): warning C4250: 'Seon': inherits 'PointLight::PointLight::increaseLightStrength' via dominance
  c:\users\muhammet\source\repos\bbm412\bbm412.2\bbm412\PointLight.h(47): note: see declaration of 'PointLight::increaseLightStrength'
c:\users\muhammet\source\repos\bbm412\bbm412.2\bbm412\Seon.h(17): warning C4250: 'Seon': inherits 'PointLight::PointLight::decreaseLightStrength' via dominance
  c:\users\muhammet\source\repos\bbm412\bbm412.2\bbm412\PointLight.h(48): note: see declaration of 'PointLight::decreaseLightStrength'
c:\users\muhammet\source\repos\bbm412\bbm412.2\bbm412\Seon.h(17): warning C4250: 'Seon': inherits 'PointLight::PointLight::calculateLightening' via dominance
  c:\users\muhammet\source\repos\bbm412\bbm412.2\bbm412\PointLight.h(46): note: see declaration of 'PointLight::calculateLightening'
c:\users\muhammet\source\repos\bbm412\bbm412.2\bbm412\GSpotLight.h(20): warning C4250: 'GSpotLight': inherits 'GBasicLight::GBasicLight::translate' via dominance
  c:\users\muhammet\source\repos\bbm412\bbm412.2\bbm412\GBasicLight.h(26): note: see declaration of 'GBasicLight::translate'
c:\users\muhammet\source\repos\bbm412\bbm412.2\bbm412\GSpotLight.h(20): warning C4250: 'GSpotLight': inherits 'GBasicLight::GBasicLight::translateOn' via dominance
  c:\users\muhammet\source\repos\bbm412\bbm412.2\bbm412\GBasicLight.h(27): note: see declaration of 'GBasicLight::translateOn'
c:\users\muhammet\source\repos\bbm412\bbm412.2\bbm412\GSpotLight.h(20): warning C4250: 'GSpotLight': inherits 'GBasicLight::GBasicLight::rotate' via dominance
  c:\users\muhammet\source\repos\bbm412\bbm412.2\bbm412\GBasicLight.h(29): note: see declaration of 'GBasicLight::rotate'
c:\users\muhammet\source\repos\bbm412\bbm412.2\bbm412\GSpotLight.h(20): warning C4250: 'GSpotLight': inherits 'GBasicLight::GBasicLight::rotateAround' via dominance
  c:\users\muhammet\source\repos\bbm412\bbm412.2\bbm412\GBasicLight.h(30): note: see declaration of 'GBasicLight::rotateAround'
C:\Program Files (x86)\Windows Kits\8.1\Include\shared\minwindef.h(130): warning C4005: 'APIENTRY': macro redefinition
  C:\Users\MuHaMMeT\Source\Repos\BBM412\BBM412.2\BBM412\OpenGL\include\glfw\glfw3.h(98): note: see previous definition of 'APIENTRY'
World.cpp(9): warning C4316: 'pPerson': object allocated on the heap may not be aligned 16
World.cpp(10): warning C4316: 'Sun': object allocated on the heap may not be aligned 16
World.cpp(53): warning C4305: 'argument': truncation from 'double' to 'const btScalar'
World.cpp(76): warning C4316: 'Seon': object allocated on the heap may not be aligned 16
World.cpp(82): warning C4316: 'FlashLight': object allocated on the heap may not be aligned 16
World.cpp(297): warning C4305: 'argument': truncation from 'double' to 'GLclampf'
World.cpp(319): warning C4244: 'argument': conversion from 'GLdouble' to 'float', possible loss of data
World.cpp(325): warning C4244: 'argument': conversion from 'GLdouble' to 'float', possible loss of data
World.cpp(339): warning C4244: 'argument': conversion from 'double' to 'float', possible loss of data
World.cpp(376): warning C4018: '<': signed/unsigned mismatch
  Compiling...
  main.cpp
c:\users\muhammet\source\repos\bbm412\bbm412.2\bbm412\GDirecLight.h(23): warning C4250: 'GDirecLight': inherits 'DirecLight::DirecLight::increaseLightStrength' via dominance
  c:\users\muhammet\source\repos\bbm412\bbm412.2\bbm412\DirecLight.h(45): note: see declaration of 'DirecLight::increaseLightStrength'
c:\users\muhammet\source\repos\bbm412\bbm412.2\bbm412\GDirecLight.h(23): warning C4250: 'GDirecLight': inherits 'DirecLight::DirecLight::decreaseLightStrength' via dominance
  c:\users\muhammet\source\repos\bbm412\bbm412.2\bbm412\DirecLight.h(46): note: see declaration of 'DirecLight::decreaseLightStrength'
c:\users\muhammet\source\repos\bbm412\bbm412.2\bbm412\GDirecLight.h(23): warning C4250: 'GDirecLight': inherits 'DirecLight::DirecLight::getLightViewMatrix' via dominance
  c:\users\muhammet\source\repos\bbm412\bbm412.2\bbm412\DirecLight.h(51): note: see declaration of 'DirecLight::getLightViewMatrix'
c:\users\muhammet\source\repos\bbm412\bbm412.2\bbm412\GDirecLight.h(23): warning C4250: 'GDirecLight': inherits 'DirecLight::DirecLight::getLightProjMatrix' via dominance
  c:\users\muhammet\source\repos\bbm412\bbm412.2\bbm412\DirecLight.h(52): note: see declaration of 'DirecLight::getLightProjMatrix'
c:\users\muhammet\source\repos\bbm412\bbm412.2\bbm412\GDirecLight.h(23): warning C4250: 'GDirecLight': inherits 'DirecLight::DirecLight::calculateLightening' via dominance
  c:\users\muhammet\source\repos\bbm412\bbm412.2\bbm412\DirecLight.h(47): note: see declaration of 'DirecLight::calculateLightening'
c:\users\muhammet\source\repos\bbm412\bbm412.2\bbm412\GDirecLight.h(23): warning C4250: 'GDirecLight': inherits 'GBasicLight::GBasicLight::translate' via dominance
  c:\users\muhammet\source\repos\bbm412\bbm412.2\bbm412\GBasicLight.h(26): note: see declaration of 'GBasicLight::translate'
c:\users\muhammet\source\repos\bbm412\bbm412.2\bbm412\GDirecLight.h(23): warning C4250: 'GDirecLight': inherits 'GBasicLight::GBasicLight::translateOn' via dominance
  c:\users\muhammet\source\repos\bbm412\bbm412.2\bbm412\GBasicLight.h(27): note: see declaration of 'GBasicLight::translateOn'
c:\users\muhammet\source\repos\bbm412\bbm412.2\bbm412\GDirecLight.h(23): warning C4250: 'GDirecLight': inherits 'GBasicLight::GBasicLight::rotate' via dominance
  c:\users\muhammet\source\repos\bbm412\bbm412.2\bbm412\GBasicLight.h(29): note: see declaration of 'GBasicLight::rotate'
c:\users\muhammet\source\repos\bbm412\bbm412.2\bbm412\GDirecLight.h(23): warning C4250: 'GDirecLight': inherits 'GBasicLight::GBasicLight::rotateAround' via dominance
  c:\users\muhammet\source\repos\bbm412\bbm412.2\bbm412\GBasicLight.h(30): note: see declaration of 'GBasicLight::rotateAround'
c:\users\muhammet\source\repos\bbm412\bbm412.2\bbm412\Sun.h(20): warning C4250: 'Sun': inherits 'DirecLight::DirecLight::increaseLightStrength' via dominance
  c:\users\muhammet\source\repos\bbm412\bbm412.2\bbm412\DirecLight.h(45): note: see declaration of 'DirecLight::increaseLightStrength'
c:\users\muhammet\source\repos\bbm412\bbm412.2\bbm412\Sun.h(20): warning C4250: 'Sun': inherits 'DirecLight::DirecLight::decreaseLightStrength' via dominance
  c:\users\muhammet\source\repos\bbm412\bbm412.2\bbm412\DirecLight.h(46): note: see declaration of 'DirecLight::decreaseLightStrength'
c:\users\muhammet\source\repos\bbm412\bbm412.2\bbm412\Sun.h(20): warning C4250: 'Sun': inherits 'DirecLight::DirecLight::getLightViewMatrix' via dominance
  c:\users\muhammet\source\repos\bbm412\bbm412.2\bbm412\DirecLight.h(51): note: see declaration of 'DirecLight::getLightViewMatrix'
c:\users\muhammet\source\repos\bbm412\bbm412.2\bbm412\Sun.h(20): warning C4250: 'Sun': inherits 'DirecLight::DirecLight::getLightProjMatrix' via dominance
  c:\users\muhammet\source\repos\bbm412\bbm412.2\bbm412\DirecLight.h(52): note: see declaration of 'DirecLight::getLightProjMatrix'
c:\users\muhammet\source\repos\bbm412\bbm412.2\bbm412\Sun.h(20): warning C4250: 'Sun': inherits 'GBasicLight::GBasicLight::translate' via dominance
  c:\users\muhammet\source\repos\bbm412\bbm412.2\bbm412\GBasicLight.h(26): note: see declaration of 'GBasicLight::translate'
c:\users\muhammet\source\repos\bbm412\bbm412.2\bbm412\Sun.h(20): warning C4250: 'Sun': inherits 'GBasicLight::GBasicLight::translateOn' via dominance
  c:\users\muhammet\source\repos\bbm412\bbm412.2\bbm412\GBasicLight.h(27): note: see declaration of 'GBasicLight::translateOn'
c:\users\muhammet\source\repos\bbm412\bbm412.2\bbm412\Sun.h(20): warning C4250: 'Sun': inherits 'GBasicLight::GBasicLight::rotate' via dominance
  c:\users\muhammet\source\repos\bbm412\bbm412.2\bbm412\GBasicLight.h(29): note: see declaration of 'GBasicLight::rotate'
c:\users\muhammet\source\repos\bbm412\bbm412.2\bbm412\Sun.h(20): warning C4250: 'Sun': inherits 'GBasicLight::GBasicLight::rotateAround' via dominance
  c:\users\muhammet\source\repos\bbm412\bbm412.2\bbm412\GBasicLight.h(30): note: see declaration of 'GBasicLight::rotateAround'
c:\users\muhammet\source\repos\bbm412\bbm412.2\bbm412\GPointLight.h(26): warning C4250: 'GPointLight': inherits 'GBasicLight::GBasicLight::translate' via dominance
  c:\users\muhammet\source\repos\bbm412\bbm412.2\bbm412\GBasicLight.h(26): note: see declaration of 'GBasicLight::translate'
c:\users\muhammet\source\repos\bbm412\bbm412.2\bbm412\GPointLight.h(26): warning C4250: 'GPointLight': inherits 'GBasicLight::GBasicLight::translateOn' via dominance
  c:\users\muhammet\source\repos\bbm412\bbm412.2\bbm412\GBasicLight.h(27): note: see declaration of 'GBasicLight::translateOn'
c:\users\muhammet\source\repos\bbm412\bbm412.2\bbm412\GPointLight.h(26): warning C4250: 'GPointLight': inherits 'GBasicLight::GBasicLight::rotate' via dominance
  c:\users\muhammet\source\repos\bbm412\bbm412.2\bbm412\GBasicLight.h(29): note: see declaration of 'GBasicLight::rotate'
c:\users\muhammet\source\repos\bbm412\bbm412.2\bbm412\GPointLight.h(26): warning C4250: 'GPointLight': inherits 'GBasicLight::GBasicLight::rotateAround' via dominance
  c:\users\muhammet\source\repos\bbm412\bbm412.2\bbm412\GBasicLight.h(30): note: see declaration of 'GBasicLight::rotateAround'
c:\users\muhammet\source\repos\bbm412\bbm412.2\bbm412\GPointLight.h(26): warning C4250: 'GPointLight': inherits 'PointLight::PointLight::increaseLightStrength' via dominance
  c:\users\muhammet\source\repos\bbm412\bbm412.2\bbm412\PointLight.h(47): note: see declaration of 'PointLight::increaseLightStrength'
c:\users\muhammet\source\repos\bbm412\bbm412.2\bbm412\GPointLight.h(26): warning C4250: 'GPointLight': inherits 'PointLight::PointLight::decreaseLightStrength' via dominance
  c:\users\muhammet\source\repos\bbm412\bbm412.2\bbm412\PointLight.h(48): note: see declaration of 'PointLight::decreaseLightStrength'
c:\users\muhammet\source\repos\bbm412\bbm412.2\bbm412\GPointLight.h(26): warning C4250: 'GPointLight': inherits 'PointLight::PointLight::calculateLightening' via dominance
  c:\users\muhammet\source\repos\bbm412\bbm412.2\bbm412\PointLight.h(46): note: see declaration of 'PointLight::calculateLightening'
c:\users\muhammet\source\repos\bbm412\bbm412.2\bbm412\Seon.h(17): warning C4250: 'Seon': inherits 'GBasicLight::GBasicLight::translate' via dominance
  c:\users\muhammet\source\repos\bbm412\bbm412.2\bbm412\GBasicLight.h(26): note: see declaration of 'GBasicLight::translate'
c:\users\muhammet\source\repos\bbm412\bbm412.2\bbm412\Seon.h(17): warning C4250: 'Seon': inherits 'GBasicLight::GBasicLight::translateOn' via dominance
  c:\users\muhammet\source\repos\bbm412\bbm412.2\bbm412\GBasicLight.h(27): note: see declaration of 'GBasicLight::translateOn'
c:\users\muhammet\source\repos\bbm412\bbm412.2\bbm412\Seon.h(17): warning C4250: 'Seon': inherits 'GBasicLight::GBasicLight::rotate' via dominance
  c:\users\muhammet\source\repos\bbm412\bbm412.2\bbm412\GBasicLight.h(29): note: see declaration of 'GBasicLight::rotate'
c:\users\muhammet\source\repos\bbm412\bbm412.2\bbm412\Seon.h(17): warning C4250: 'Seon': inherits 'GBasicLight::GBasicLight::rotateAround' via dominance
  c:\users\muhammet\source\repos\bbm412\bbm412.2\bbm412\GBasicLight.h(30): note: see declaration of 'GBasicLight::rotateAround'
c:\users\muhammet\source\repos\bbm412\bbm412.2\bbm412\Seon.h(17): warning C4250: 'Seon': inherits 'PointLight::PointLight::increaseLightStrength' via dominance
  c:\users\muhammet\source\repos\bbm412\bbm412.2\bbm412\PointLight.h(47): note: see declaration of 'PointLight::increaseLightStrength'
c:\users\muhammet\source\repos\bbm412\bbm412.2\bbm412\Seon.h(17): warning C4250: 'Seon': inherits 'PointLight::PointLight::decreaseLightStrength' via dominance
  c:\users\muhammet\source\repos\bbm412\bbm412.2\bbm412\PointLight.h(48): note: see declaration of 'PointLight::decreaseLightStrength'
c:\users\muhammet\source\repos\bbm412\bbm412.2\bbm412\Seon.h(17): warning C4250: 'Seon': inherits 'PointLight::PointLight::calculateLightening' via dominance
  c:\users\muhammet\source\repos\bbm412\bbm412.2\bbm412\PointLight.h(46): note: see declaration of 'PointLight::calculateLightening'
c:\users\muhammet\source\repos\bbm412\bbm412.2\bbm412\GSpotLight.h(20): warning C4250: 'GSpotLight': inherits 'GBasicLight::GBasicLight::translate' via dominance
  c:\users\muhammet\source\repos\bbm412\bbm412.2\bbm412\GBasicLight.h(26): note: see declaration of 'GBasicLight::translate'
c:\users\muhammet\source\repos\bbm412\bbm412.2\bbm412\GSpotLight.h(20): warning C4250: 'GSpotLight': inherits 'GBasicLight::GBasicLight::translateOn' via dominance
  c:\users\muhammet\source\repos\bbm412\bbm412.2\bbm412\GBasicLight.h(27): note: see declaration of 'GBasicLight::translateOn'
c:\users\muhammet\source\repos\bbm412\bbm412.2\bbm412\GSpotLight.h(20): warning C4250: 'GSpotLight': inherits 'GBasicLight::GBasicLight::rotate' via dominance
  c:\users\muhammet\source\repos\bbm412\bbm412.2\bbm412\GBasicLight.h(29): note: see declaration of 'GBasicLight::rotate'
c:\users\muhammet\source\repos\bbm412\bbm412.2\bbm412\GSpotLight.h(20): warning C4250: 'GSpotLight': inherits 'GBasicLight::GBasicLight::rotateAround' via dominance
  c:\users\muhammet\source\repos\bbm412\bbm412.2\bbm412\GBasicLight.h(30): note: see declaration of 'GBasicLight::rotateAround'
C:\Program Files (x86)\Windows Kits\8.1\Include\shared\minwindef.h(130): warning C4005: 'APIENTRY': macro redefinition
  C:\Users\MuHaMMeT\Source\Repos\BBM412\BBM412.2\BBM412\OpenGL\include\glfw\glfw3.h(98): note: see previous definition of 'APIENTRY'
main.cpp(184): warning C4244: '=': conversion from 'GLdouble' to 'GLfloat', possible loss of data
main.cpp(185): warning C4244: '=': conversion from 'GLdouble' to 'GLfloat', possible loss of data
  pDynamicObject.cpp
  pObject.cpp
pObject.cpp(36): warning C4101: 'dlim': unreferenced local variable
  pPerson.cpp
pPerson.cpp(163): warning C4244: 'initializing': conversion from 'double' to 'float', possible loss of data
pPerson.cpp(190): warning C4244: '=': conversion from 'double' to 'float', possible loss of data
pPerson.cpp(240): warning C4244: '=': conversion from 'double' to 'float', possible loss of data
pPerson.cpp(256): warning C4101: '_cos': unreferenced local variable
  pStaticObject.cpp
  Generating code
c:\users\muhammet\source\repos\bbm412\bbm412.2\bbm412\camera.cpp(165): warning C4715: 'Camera::getDirections': not all control paths return a value
c:\users\muhammet\source\repos\bbm412\bbm412.2\bbm412\camera.cpp(284): warning C4715: 'Camera::processMovement': not all control paths return a value
c:\users\muhammet\source\repos\bbm412\bbm412.2\bbm412\pobject.cpp(141): warning C4715: 'pObject::readObjectFile': not all control paths return a value
  All 2750 functions were compiled because no usable IPDB/IOBJ from previous compilation was found.
  Finished generating code
  BBM412.vcxproj -> C:\Users\MuHaMMeT\Source\Repos\BBM412\BBM412.2\Release\BBM412.exe
  BBM412.vcxproj -> C:\Users\MuHaMMeT\Source\Repos\BBM412\BBM412.2\Release\BBM412.pdb (Full PDB)
